  stdafx.cpp
  ftp_clnt_winsock.cpp
e:\study\networking\project_socket\ftp\ftp-client-socket\ftp_clnt_winsock\ftp_clnt_winsock\ftp_clnt_winsock.cpp(71): warning C4996: 'inet_addr': Use inet_pton() or InetPton() instead or define _WINSOCK_DEPRECATED_NO_WARNINGS to disable deprecated API warnings
  c:\program files (x86)\windows kits\8.1\include\um\winsock2.h(1850): note: see declaration of 'inet_addr'
e:\study\networking\project_socket\ftp\ftp-client-socket\ftp_clnt_winsock\ftp_clnt_winsock\ftp_clnt_winsock.cpp(90): warning C4996: 'sscanf': This function or variable may be unsafe. Consider using sscanf_s instead. To disable deprecation, use _CRT_SECURE_NO_WARNINGS. See online help for details.
  c:\program files (x86)\windows kits\10\include\10.0.10240.0\ucrt\stdio.h(2254): note: see declaration of 'sscanf'
e:\study\networking\project_socket\ftp\ftp-client-socket\ftp_clnt_winsock\ftp_clnt_winsock\ftp_clnt_winsock.cpp(106): warning C4996: 'inet_ntoa': Use inet_ntop() or InetNtop() instead or define _WINSOCK_DEPRECATED_NO_WARNINGS to disable deprecated API warnings
  c:\program files (x86)\windows kits\8.1\include\um\winsock2.h(1868): note: see declaration of 'inet_ntoa'
e:\study\networking\project_socket\ftp\ftp-client-socket\ftp_clnt_winsock\ftp_clnt_winsock\ftp_clnt_winsock.cpp(108): warning C4996: 'scanf': This function or variable may be unsafe. Consider using scanf_s instead. To disable deprecation, use _CRT_SECURE_NO_WARNINGS. See online help for details.
  c:\program files (x86)\windows kits\10\include\10.0.10240.0\ucrt\stdio.h(1270): note: see declaration of 'scanf'
e:\study\networking\project_socket\ftp\ftp-client-socket\ftp_clnt_winsock\ftp_clnt_winsock\ftp_clnt_winsock.cpp(110): warning C4996: 'sprintf': This function or variable may be unsafe. Consider using sprintf_s instead. To disable deprecation, use _CRT_SECURE_NO_WARNINGS. See online help for details.
  c:\program files (x86)\windows kits\10\include\10.0.10240.0\ucrt\stdio.h(1769): note: see declaration of 'sprintf'
e:\study\networking\project_socket\ftp\ftp-client-socket\ftp_clnt_winsock\ftp_clnt_winsock\ftp_clnt_winsock.cpp(116): warning C4996: 'sscanf': This function or variable may be unsafe. Consider using sscanf_s instead. To disable deprecation, use _CRT_SECURE_NO_WARNINGS. See online help for details.
  c:\program files (x86)\windows kits\10\include\10.0.10240.0\ucrt\stdio.h(2254): note: see declaration of 'sscanf'
e:\study\networking\project_socket\ftp\ftp-client-socket\ftp_clnt_winsock\ftp_clnt_winsock\ftp_clnt_winsock.cpp(128): warning C4996: 'scanf': This function or variable may be unsafe. Consider using scanf_s instead. To disable deprecation, use _CRT_SECURE_NO_WARNINGS. See online help for details.
  c:\program files (x86)\windows kits\10\include\10.0.10240.0\ucrt\stdio.h(1270): note: see declaration of 'scanf'
e:\study\networking\project_socket\ftp\ftp-client-socket\ftp_clnt_winsock\ftp_clnt_winsock\ftp_clnt_winsock.cpp(130): warning C4996: 'sprintf': This function or variable may be unsafe. Consider using sprintf_s instead. To disable deprecation, use _CRT_SECURE_NO_WARNINGS. See online help for details.
  c:\program files (x86)\windows kits\10\include\10.0.10240.0\ucrt\stdio.h(1769): note: see declaration of 'sprintf'
e:\study\networking\project_socket\ftp\ftp-client-socket\ftp_clnt_winsock\ftp_clnt_winsock\ftp_clnt_winsock.cpp(136): warning C4996: 'sscanf': This function or variable may be unsafe. Consider using sscanf_s instead. To disable deprecation, use _CRT_SECURE_NO_WARNINGS. See online help for details.
  c:\program files (x86)\windows kits\10\include\10.0.10240.0\ucrt\stdio.h(2254): note: see declaration of 'sscanf'
e:\study\networking\project_socket\ftp\ftp-client-socket\ftp_clnt_winsock\ftp_clnt_winsock\ftp_clnt_winsock.cpp(148): warning C4996: 'scanf': This function or variable may be unsafe. Consider using scanf_s instead. To disable deprecation, use _CRT_SECURE_NO_WARNINGS. See online help for details.
  c:\program files (x86)\windows kits\10\include\10.0.10240.0\ucrt\stdio.h(1270): note: see declaration of 'scanf'
e:\study\networking\project_socket\ftp\ftp-client-socket\ftp_clnt_winsock\ftp_clnt_winsock\ftp_clnt_winsock.cpp(84): warning C4101: 'status': unreferenced local variable
e:\study\networking\project_socket\ftp\ftp-client-socket\ftp_clnt_winsock\ftp_clnt_winsock\ftp_clnt_winsock.cpp(84): warning C4101: 'size': unreferenced local variable
e:\study\networking\project_socket\ftp\ftp-client-socket\ftp_clnt_winsock\ftp_clnt_winsock\ftp_clnt_winsock.cpp(164): warning C4996: 'scanf': This function or variable may be unsafe. Consider using scanf_s instead. To disable deprecation, use _CRT_SECURE_NO_WARNINGS. See online help for details.
  c:\program files (x86)\windows kits\10\include\10.0.10240.0\ucrt\stdio.h(1270): note: see declaration of 'scanf'
  ftp_clnt_winsock.vcxproj -> E:\study\networking\project_socket\ftp\ftp-client-socket\ftp_clnt_winsock\Debug\ftp_clnt_winsock.exe
  ftp_clnt_winsock.vcxproj -> E:\study\networking\project_socket\ftp\ftp-client-socket\ftp_clnt_winsock\Debug\ftp_clnt_winsock.pdb (Full PDB)
