  ftp_clnt_winsock.cpp
c:\new folder\mangmt\ftp-client-socket\src\ftp_clnt_winsock\ftp_clnt_winsock\ftp_clnt_winsock.cpp(4): error C2859: C:\New folder\MangMT\ftp-client-socket\src\ftp_clnt_winsock\ftp_clnt_winsock\Debug\vc140.pdb is not the pdb file that was used when this precompiled header was created, recreate the precompiled header.
c:\new folder\mangmt\ftp-client-socket\src\ftp_clnt_winsock\ftp_clnt_winsock\ftp_clnt_winsock.cpp(9): warning C4067: unexpected tokens following preprocessor directive - expected a newline
c:\new folder\mangmt\ftp-client-socket\src\ftp_clnt_winsock\ftp_clnt_winsock\ftp_clnt_winsock.cpp(142): warning C4996: 'inet_addr': Use inet_pton() or InetPton() instead or define _WINSOCK_DEPRECATED_NO_WARNINGS to disable deprecated API warnings
  c:\program files (x86)\windows kits\8.1\include\um\winsock2.h(1850): note: see declaration of 'inet_addr'
c:\new folder\mangmt\ftp-client-socket\src\ftp_clnt_winsock\ftp_clnt_winsock\ftp_clnt_winsock.cpp(161): warning C4996: 'sscanf': This function or variable may be unsafe. Consider using sscanf_s instead. To disable deprecation, use _CRT_SECURE_NO_WARNINGS. See online help for details.
  c:\program files (x86)\windows kits\10\include\10.0.10240.0\ucrt\stdio.h(2254): note: see declaration of 'sscanf'
c:\new folder\mangmt\ftp-client-socket\src\ftp_clnt_winsock\ftp_clnt_winsock\ftp_clnt_winsock.cpp(177): warning C4996: 'inet_ntoa': Use inet_ntop() or InetNtop() instead or define _WINSOCK_DEPRECATED_NO_WARNINGS to disable deprecated API warnings
  c:\program files (x86)\windows kits\8.1\include\um\winsock2.h(1868): note: see declaration of 'inet_ntoa'
c:\new folder\mangmt\ftp-client-socket\src\ftp_clnt_winsock\ftp_clnt_winsock\ftp_clnt_winsock.cpp(179): warning C4996: 'scanf': This function or variable may be unsafe. Consider using scanf_s instead. To disable deprecation, use _CRT_SECURE_NO_WARNINGS. See online help for details.
  c:\program files (x86)\windows kits\10\include\10.0.10240.0\ucrt\stdio.h(1270): note: see declaration of 'scanf'
c:\new folder\mangmt\ftp-client-socket\src\ftp_clnt_winsock\ftp_clnt_winsock\ftp_clnt_winsock.cpp(181): warning C4996: 'sprintf': This function or variable may be unsafe. Consider using sprintf_s instead. To disable deprecation, use _CRT_SECURE_NO_WARNINGS. See online help for details.
  c:\program files (x86)\windows kits\10\include\10.0.10240.0\ucrt\stdio.h(1769): note: see declaration of 'sprintf'
c:\new folder\mangmt\ftp-client-socket\src\ftp_clnt_winsock\ftp_clnt_winsock\ftp_clnt_winsock.cpp(187): warning C4996: 'sscanf': This function or variable may be unsafe. Consider using sscanf_s instead. To disable deprecation, use _CRT_SECURE_NO_WARNINGS. See online help for details.
  c:\program files (x86)\windows kits\10\include\10.0.10240.0\ucrt\stdio.h(2254): note: see declaration of 'sscanf'
c:\new folder\mangmt\ftp-client-socket\src\ftp_clnt_winsock\ftp_clnt_winsock\ftp_clnt_winsock.cpp(199): warning C4996: 'scanf': This function or variable may be unsafe. Consider using scanf_s instead. To disable deprecation, use _CRT_SECURE_NO_WARNINGS. See online help for details.
  c:\program files (x86)\windows kits\10\include\10.0.10240.0\ucrt\stdio.h(1270): note: see declaration of 'scanf'
c:\new folder\mangmt\ftp-client-socket\src\ftp_clnt_winsock\ftp_clnt_winsock\ftp_clnt_winsock.cpp(201): warning C4996: 'sprintf': This function or variable may be unsafe. Consider using sprintf_s instead. To disable deprecation, use _CRT_SECURE_NO_WARNINGS. See online help for details.
  c:\program files (x86)\windows kits\10\include\10.0.10240.0\ucrt\stdio.h(1769): note: see declaration of 'sprintf'
c:\new folder\mangmt\ftp-client-socket\src\ftp_clnt_winsock\ftp_clnt_winsock\ftp_clnt_winsock.cpp(207): warning C4996: 'sscanf': This function or variable may be unsafe. Consider using sscanf_s instead. To disable deprecation, use _CRT_SECURE_NO_WARNINGS. See online help for details.
  c:\program files (x86)\windows kits\10\include\10.0.10240.0\ucrt\stdio.h(2254): note: see declaration of 'sscanf'
c:\new folder\mangmt\ftp-client-socket\src\ftp_clnt_winsock\ftp_clnt_winsock\ftp_clnt_winsock.cpp(227): warning C4996: 'sscanf': This function or variable may be unsafe. Consider using sscanf_s instead. To disable deprecation, use _CRT_SECURE_NO_WARNINGS. See online help for details.
  c:\program files (x86)\windows kits\10\include\10.0.10240.0\ucrt\stdio.h(2254): note: see declaration of 'sscanf'
c:\new folder\mangmt\ftp-client-socket\src\ftp_clnt_winsock\ftp_clnt_winsock\ftp_clnt_winsock.cpp(232): warning C4996: 'strcpy': This function or variable may be unsafe. Consider using strcpy_s instead. To disable deprecation, use _CRT_SECURE_NO_WARNINGS. See online help for details.
  c:\program files (x86)\windows kits\10\include\10.0.10240.0\ucrt\string.h(119): note: see declaration of 'strcpy'
c:\new folder\mangmt\ftp-client-socket\src\ftp_clnt_winsock\ftp_clnt_winsock\ftp_clnt_winsock.cpp(236): warning C4996: 'sscanf': This function or variable may be unsafe. Consider using sscanf_s instead. To disable deprecation, use _CRT_SECURE_NO_WARNINGS. See online help for details.
  c:\program files (x86)\windows kits\10\include\10.0.10240.0\ucrt\stdio.h(2254): note: see declaration of 'sscanf'
c:\new folder\mangmt\ftp-client-socket\src\ftp_clnt_winsock\ftp_clnt_winsock\ftp_clnt_winsock.cpp(249): warning C4996: 'strcpy': This function or variable may be unsafe. Consider using strcpy_s instead. To disable deprecation, use _CRT_SECURE_NO_WARNINGS. See online help for details.
  c:\program files (x86)\windows kits\10\include\10.0.10240.0\ucrt\string.h(119): note: see declaration of 'strcpy'
c:\new folder\mangmt\ftp-client-socket\src\ftp_clnt_winsock\ftp_clnt_winsock\ftp_clnt_winsock.cpp(259): warning C4996: 'inet_addr': Use inet_pton() or InetPton() instead or define _WINSOCK_DEPRECATED_NO_WARNINGS to disable deprecated API warnings
  c:\program files (x86)\windows kits\8.1\include\um\winsock2.h(1850): note: see declaration of 'inet_addr'
c:\new folder\mangmt\ftp-client-socket\src\ftp_clnt_winsock\ftp_clnt_winsock\ftp_clnt_winsock.cpp(270): warning C4996: 'strcpy': This function or variable may be unsafe. Consider using strcpy_s instead. To disable deprecation, use _CRT_SECURE_NO_WARNINGS. See online help for details.
  c:\program files (x86)\windows kits\10\include\10.0.10240.0\ucrt\string.h(119): note: see declaration of 'strcpy'
c:\new folder\mangmt\ftp-client-socket\src\ftp_clnt_winsock\ftp_clnt_winsock\ftp_clnt_winsock.cpp(280): warning C4996: 'sscanf': This function or variable may be unsafe. Consider using sscanf_s instead. To disable deprecation, use _CRT_SECURE_NO_WARNINGS. See online help for details.
  c:\program files (x86)\windows kits\10\include\10.0.10240.0\ucrt\stdio.h(2254): note: see declaration of 'sscanf'
c:\new folder\mangmt\ftp-client-socket\src\ftp_clnt_winsock\ftp_clnt_winsock\ftp_clnt_winsock.cpp(294): warning C4996: 'strcpy': This function or variable may be unsafe. Consider using strcpy_s instead. To disable deprecation, use _CRT_SECURE_NO_WARNINGS. See online help for details.
  c:\program files (x86)\windows kits\10\include\10.0.10240.0\ucrt\string.h(119): note: see declaration of 'strcpy'
c:\new folder\mangmt\ftp-client-socket\src\ftp_clnt_winsock\ftp_clnt_winsock\ftp_clnt_winsock.cpp(304): warning C4996: 'inet_addr': Use inet_pton() or InetPton() instead or define _WINSOCK_DEPRECATED_NO_WARNINGS to disable deprecated API warnings
  c:\program files (x86)\windows kits\8.1\include\um\winsock2.h(1850): note: see declaration of 'inet_addr'
c:\new folder\mangmt\ftp-client-socket\src\ftp_clnt_winsock\ftp_clnt_winsock\ftp_clnt_winsock.cpp(315): warning C4996: 'strcpy': This function or variable may be unsafe. Consider using strcpy_s instead. To disable deprecation, use _CRT_SECURE_NO_WARNINGS. See online help for details.
  c:\program files (x86)\windows kits\10\include\10.0.10240.0\ucrt\string.h(119): note: see declaration of 'strcpy'
c:\new folder\mangmt\ftp-client-socket\src\ftp_clnt_winsock\ftp_clnt_winsock\ftp_clnt_winsock.cpp(321): warning C4996: 'sscanf': This function or variable may be unsafe. Consider using sscanf_s instead. To disable deprecation, use _CRT_SECURE_NO_WARNINGS. See online help for details.
  c:\program files (x86)\windows kits\10\include\10.0.10240.0\ucrt\stdio.h(2254): note: see declaration of 'sscanf'
c:\new folder\mangmt\ftp-client-socket\src\ftp_clnt_winsock\ftp_clnt_winsock\ftp_clnt_winsock.cpp(403): warning C4996: 'sscanf': This function or variable may be unsafe. Consider using sscanf_s instead. To disable deprecation, use _CRT_SECURE_NO_WARNINGS. See online help for details.
  c:\program files (x86)\windows kits\10\include\10.0.10240.0\ucrt\stdio.h(2254): note: see declaration of 'sscanf'
c:\new folder\mangmt\ftp-client-socket\src\ftp_clnt_winsock\ftp_clnt_winsock\ftp_clnt_winsock.cpp(405): warning C4996: 'sprintf': This function or variable may be unsafe. Consider using sprintf_s instead. To disable deprecation, use _CRT_SECURE_NO_WARNINGS. See online help for details.
  c:\program files (x86)\windows kits\10\include\10.0.10240.0\ucrt\stdio.h(1769): note: see declaration of 'sprintf'
c:\new folder\mangmt\ftp-client-socket\src\ftp_clnt_winsock\ftp_clnt_winsock\ftp_clnt_winsock.cpp(409): warning C4996: 'sscanf': This function or variable may be unsafe. Consider using sscanf_s instead. To disable deprecation, use _CRT_SECURE_NO_WARNINGS. See online help for details.
  c:\program files (x86)\windows kits\10\include\10.0.10240.0\ucrt\stdio.h(2254): note: see declaration of 'sscanf'
c:\new folder\mangmt\ftp-client-socket\src\ftp_clnt_winsock\ftp_clnt_winsock\ftp_clnt_winsock.cpp(447): warning C4996: 'scanf': This function or variable may be unsafe. Consider using scanf_s instead. To disable deprecation, use _CRT_SECURE_NO_WARNINGS. See online help for details.
  c:\program files (x86)\windows kits\10\include\10.0.10240.0\ucrt\stdio.h(1270): note: see declaration of 'scanf'
